This file contains any messages produced by compilers while
running configure, to aid debugging if configure makes a mistake.

It was created by xorriso configure 1.5.4, which was
generated by GNU Autoconf 2.69.  Invocation command line was

  $ ./configure 

## --------- ##
## Platform. ##
## --------- ##

hostname = Kfs
uname -m = x86_64
uname -r = 5.10.0-21-amd64
uname -s = Linux
uname -v = #1 SMP Debian 5.10.162-1 (2023-01-21)

/usr/bin/uname -p = unknown
/bin/uname -X     = unknown

/bin/arch              = x86_64
/usr/bin/arch -k       = unknown
/usr/convex/getsysinfo = unknown
/usr/bin/hostinfo      = unknown
/bin/machine           = unknown
/usr/bin/oslevel       = unknown
/bin/universe          = unknown

PATH: /home/alice/opt/cross/bin
PATH: /home/alice/opt/cross/bin
PATH: /usr/local/bin
PATH: /usr/bin
PATH: /bin
PATH: /usr/local/games
PATH: /usr/games


## ----------- ##
## Core tests. ##
## ----------- ##

configure:2421: checking build system type
configure:2435: result: x86_64-unknown-linux-gnu
configure:2455: checking host system type
configure:2468: result: x86_64-unknown-linux-gnu
configure:2488: checking target system type
configure:2501: result: x86_64-unknown-linux-gnu
configure:2559: checking for a BSD-compatible install
configure:2627: result: /usr/bin/install -c
configure:2638: checking whether build environment is sane
configure:2693: result: yes
configure:2844: checking for a thread-safe mkdir -p
configure:2883: result: /usr/bin/mkdir -p
configure:2890: checking for gawk
configure:2920: result: no
configure:2890: checking for mawk
configure:2906: found /usr/bin/mawk
configure:2917: result: mawk
configure:2928: checking whether make sets $(MAKE)
configure:2950: result: yes
configure:2979: checking whether make supports nested variables
configure:2996: result: yes
configure:3163: checking for style of include used by make
configure:3191: result: GNU
configure:3262: checking for gcc
configure:3278: found /usr/bin/gcc
configure:3289: result: gcc
configure:3518: checking for C compiler version
configure:3527: gcc --version >&5
gcc (Debian 10.2.1-6) 10.2.1 20210110
Copyright (C) 2020 Free Software Foundation, Inc.
This is free software; see the source for copying conditions.  There is NO
warranty; not even for MERCHANTABILITY or FITNESS FOR A PARTICULAR PURPOSE.

configure:3538: $? = 0
configure:3527: gcc -v >&5
Using built-in specs.
COLLECT_GCC=gcc
COLLECT_LTO_WRAPPER=/usr/lib/gcc/x86_64-linux-gnu/10/lto-wrapper
OFFLOAD_TARGET_NAMES=nvptx-none:amdgcn-amdhsa:hsa
OFFLOAD_TARGET_DEFAULT=1
Target: x86_64-linux-gnu
Configured with: ../src/configure -v --with-pkgversion='Debian 10.2.1-6' --with-bugurl=file:///usr/share/doc/gcc-10/README.Bugs --enable-languages=c,ada,c++,go,brig,d,fortran,objc,obj-c++,m2 --prefix=/usr --with-gcc-major-version-only --program-suffix=-10 --program-prefix=x86_64-linux-gnu- --enable-shared --enable-linker-build-id --libexecdir=/usr/lib --without-included-gettext --enable-threads=posix --libdir=/usr/lib --enable-nls --enable-bootstrap --enable-clocale=gnu --enable-libstdcxx-debug --enable-libstdcxx-time=yes --with-default-libstdcxx-abi=new --enable-gnu-unique-object --disable-vtable-verify --enable-plugin --enable-default-pie --with-system-zlib --enable-libphobos-checking=release --with-target-system-zlib=auto --enable-objc-gc=auto --enable-multiarch --disable-werror --with-arch-32=i686 --with-abi=m64 --with-multilib-list=m32,m64,mx32 --enable-multilib --with-tune=generic --enable-offload-targets=nvptx-none=/build/gcc-10-Km9U7s/gcc-10-10.2.1/debian/tmp-nvptx/usr,amdgcn-amdhsa=/build/gcc-10-Km9U7s/gcc-10-10.2.1/debian/tmp-gcn/usr,hsa --without-cuda-driver --enable-checking=release --build=x86_64-linux-gnu --host=x86_64-linux-gnu --target=x86_64-linux-gnu --with-build-config=bootstrap-lto-lean --enable-link-mutex
Thread model: posix
Supported LTO compression algorithms: zlib zstd
gcc version 10.2.1 20210110 (Debian 10.2.1-6) 
... rest of stderr output deleted ...
configure:3538: $? = 0
configure:3527: gcc -V >&5
gcc: error: unrecognized command-line option '-V'
gcc: fatal error: no input files
compilation terminated.
configure:3538: $? = 1
configure:3527: gcc -qversion >&5
gcc: error: unrecognized command-line option '-qversion'; did you mean '--version'?
gcc: fatal error: no input files
compilation terminated.
configure:3538: $? = 1
configure:3558: checking whether the C compiler works
configure:3580: gcc    conftest.c  >&5
configure:3584: $? = 0
configure:3632: result: yes
configure:3635: checking for C compiler default output file name
configure:3637: result: a.out
configure:3643: checking for suffix of executables
configure:3650: gcc -o conftest    conftest.c  >&5
configure:3654: $? = 0
configure:3676: result: 
configure:3698: checking whether we are cross compiling
configure:3706: gcc -o conftest    conftest.c  >&5
configure:3710: $? = 0
configure:3717: ./conftest
configure:3721: $? = 0
configure:3736: result: no
configure:3741: checking for suffix of object files
configure:3763: gcc -c   conftest.c >&5
configure:3767: $? = 0
configure:3788: result: o
configure:3792: checking whether we are using the GNU C compiler
configure:3811: gcc -c   conftest.c >&5
configure:3811: $? = 0
configure:3820: result: yes
configure:3829: checking whether gcc accepts -g
configure:3849: gcc -c -g  conftest.c >&5
configure:3849: $? = 0
configure:3890: result: yes
configure:3907: checking for gcc option to accept ISO C89
configure:3970: gcc  -c -g -O2  conftest.c >&5
configure:3970: $? = 0
configure:3983: result: none needed
configure:4008: checking whether gcc understands -c and -o together
configure:4030: gcc -c conftest.c -o conftest2.o
configure:4033: $? = 0
configure:4030: gcc -c conftest.c -o conftest2.o
configure:4033: $? = 0
configure:4045: result: yes
configure:4064: checking dependency style of gcc
configure:4175: result: gcc3
configure:4192: checking for an ANSI C-conforming const
configure:4258: gcc -c -g -O2  conftest.c >&5
configure:4258: $? = 0
configure:4265: result: yes
configure:4273: checking for inline
configure:4289: gcc -c -g -O2  conftest.c >&5
configure:4289: $? = 0
configure:4297: result: inline
configure:4320: checking how to run the C preprocessor
configure:4351: gcc -E  conftest.c
configure:4351: $? = 0
configure:4365: gcc -E  conftest.c
conftest.c:12:10: fatal error: ac_nonexistent.h: No such file or directory
   12 | #include <ac_nonexistent.h>
      |          ^~~~~~~~~~~~~~~~~~
compilation terminated.
configure:4365: $? = 1
configure: failed program was:
| /* confdefs.h */
| #define PACKAGE_NAME "xorriso"
| #define PACKAGE_TARNAME "xorriso"
| #define PACKAGE_VERSION "1.5.4"
| #define PACKAGE_STRING "xorriso 1.5.4"
| #define PACKAGE_BUGREPORT "http://libburnia-project.org"
| #define PACKAGE_URL ""
| #define PACKAGE "xorriso"
| #define VERSION "1.5.4"
| #define Xorriso_standalonE /**/
| /* end confdefs.h.  */
| #include <ac_nonexistent.h>
configure:4390: result: gcc -E
configure:4410: gcc -E  conftest.c
configure:4410: $? = 0
configure:4424: gcc -E  conftest.c
conftest.c:12:10: fatal error: ac_nonexistent.h: No such file or directory
   12 | #include <ac_nonexistent.h>
      |          ^~~~~~~~~~~~~~~~~~
compilation terminated.
configure:4424: $? = 1
configure: failed program was:
| /* confdefs.h */
| #define PACKAGE_NAME "xorriso"
| #define PACKAGE_TARNAME "xorriso"
| #define PACKAGE_VERSION "1.5.4"
| #define PACKAGE_STRING "xorriso 1.5.4"
| #define PACKAGE_BUGREPORT "http://libburnia-project.org"
| #define PACKAGE_URL ""
| #define PACKAGE "xorriso"
| #define VERSION "1.5.4"
| #define Xorriso_standalonE /**/
| /* end confdefs.h.  */
| #include <ac_nonexistent.h>
configure:4453: checking for grep that handles long lines and -e
configure:4511: result: /usr/bin/grep
configure:4516: checking for egrep
configure:4578: result: /usr/bin/grep -E
configure:4583: checking for ANSI C header files
configure:4603: gcc -c -g -O2  conftest.c >&5
configure:4603: $? = 0
configure:4676: gcc -o conftest -g -O2   conftest.c  >&5
configure:4676: $? = 0
configure:4676: ./conftest
configure:4676: $? = 0
configure:4687: result: yes
configure:4700: checking for sys/types.h
configure:4700: gcc -c -g -O2  conftest.c >&5
configure:4700: $? = 0
configure:4700: result: yes
configure:4700: checking for sys/stat.h
configure:4700: gcc -c -g -O2  conftest.c >&5
configure:4700: $? = 0
configure:4700: result: yes
configure:4700: checking for stdlib.h
configure:4700: gcc -c -g -O2  conftest.c >&5
configure:4700: $? = 0
configure:4700: result: yes
configure:4700: checking for string.h
configure:4700: gcc -c -g -O2  conftest.c >&5
configure:4700: $? = 0
configure:4700: result: yes
configure:4700: checking for memory.h
configure:4700: gcc -c -g -O2  conftest.c >&5
configure:4700: $? = 0
configure:4700: result: yes
configure:4700: checking for strings.h
configure:4700: gcc -c -g -O2  conftest.c >&5
configure:4700: $? = 0
configure:4700: result: yes
configure:4700: checking for inttypes.h
configure:4700: gcc -c -g -O2  conftest.c >&5
configure:4700: $? = 0
configure:4700: result: yes
configure:4700: checking for stdint.h
configure:4700: gcc -c -g -O2  conftest.c >&5
configure:4700: $? = 0
configure:4700: result: yes
configure:4700: checking for unistd.h
configure:4700: gcc -c -g -O2  conftest.c >&5
configure:4700: $? = 0
configure:4700: result: yes
configure:4712: checking whether byte ordering is bigendian
configure:4727: gcc -c -g -O2  conftest.c >&5
conftest.c:23:9: error: unknown type name 'not'
   23 |         not a universal capable compiler
      |         ^~~
conftest.c:23:15: error: expected '=', ',', ';', 'asm' or '__attribute__' before 'universal'
   23 |         not a universal capable compiler
      |               ^~~~~~~~~
conftest.c:23:15: error: unknown type name 'universal'
configure:4727: $? = 1
configure: failed program was:
| /* confdefs.h */
| #define PACKAGE_NAME "xorriso"
| #define PACKAGE_TARNAME "xorriso"
| #define PACKAGE_VERSION "1.5.4"
| #define PACKAGE_STRING "xorriso 1.5.4"
| #define PACKAGE_BUGREPORT "http://libburnia-project.org"
| #define PACKAGE_URL ""
| #define PACKAGE "xorriso"
| #define VERSION "1.5.4"
| #define Xorriso_standalonE /**/
| #define STDC_HEADERS 1
| #define HAVE_SYS_TYPES_H 1
| #define HAVE_SYS_STAT_H 1
| #define HAVE_STDLIB_H 1
| #define HAVE_STRING_H 1
| #define HAVE_MEMORY_H 1
| #define HAVE_STRINGS_H 1
| #define HAVE_INTTYPES_H 1
| #define HAVE_STDINT_H 1
| #define HAVE_UNISTD_H 1
| /* end confdefs.h.  */
| #ifndef __APPLE_CC__
| 	       not a universal capable compiler
| 	     #endif
| 	     typedef int dummy;
| 
configure:4772: gcc -c -g -O2  conftest.c >&5
configure:4772: $? = 0
configure:4790: gcc -c -g -O2  conftest.c >&5
conftest.c: In function 'main':
conftest.c:29:4: error: unknown type name 'not'; did you mean 'ino_t'?
   29 |    not big endian
      |    ^~~
      |    ino_t
conftest.c:29:12: error: expected '=', ',', ';', 'asm' or '__attribute__' before 'endian'
   29 |    not big endian
      |            ^~~~~~
configure:4790: $? = 1
configure: failed program was:
| /* confdefs.h */
| #define PACKAGE_NAME "xorriso"
| #define PACKAGE_TARNAME "xorriso"
| #define PACKAGE_VERSION "1.5.4"
| #define PACKAGE_STRING "xorriso 1.5.4"
| #define PACKAGE_BUGREPORT "http://libburnia-project.org"
| #define PACKAGE_URL ""
| #define PACKAGE "xorriso"
| #define VERSION "1.5.4"
| #define Xorriso_standalonE /**/
| #define STDC_HEADERS 1
| #define HAVE_SYS_TYPES_H 1
| #define HAVE_SYS_STAT_H 1
| #define HAVE_STDLIB_H 1
| #define HAVE_STRING_H 1
| #define HAVE_MEMORY_H 1
| #define HAVE_STRINGS_H 1
| #define HAVE_INTTYPES_H 1
| #define HAVE_STDINT_H 1
| #define HAVE_UNISTD_H 1
| /* end confdefs.h.  */
| #include <sys/types.h>
| 		#include <sys/param.h>
| 
| int
| main ()
| {
| #if BYTE_ORDER != BIG_ENDIAN
| 		 not big endian
| 		#endif
| 
|   ;
|   return 0;
| }
configure:4918: result: no
configure:4944: checking for special C compiler options needed for large files
configure:4989: result: no
configure:4995: checking for _FILE_OFFSET_BITS value needed for large files
configure:5020: gcc -c -g -O2  conftest.c >&5
configure:5020: $? = 0
configure:5052: result: no
configure:5137: checking for _LARGEFILE_SOURCE value needed for large files
configure:5156: gcc -o conftest -g -O2   conftest.c  >&5
configure:5156: $? = 0
configure:5184: result: no
configure:5205: checking for fseeko
configure:5205: gcc -o conftest -g -O2   conftest.c  >&5
configure:5205: $? = 0
configure:5205: result: yes
configure:5220: checking for iconv() in separate -liconv 
configure:5239: gcc -o conftest -g -O2   conftest.c  -liconv >&5
/usr/bin/ld: cannot find -liconv
collect2: error: ld returned 1 exit status
configure:5239: $? = 1
configure: failed program was:
| /* confdefs.h */
| #define PACKAGE_NAME "xorriso"
| #define PACKAGE_TARNAME "xorriso"
| #define PACKAGE_VERSION "1.5.4"
| #define PACKAGE_STRING "xorriso 1.5.4"
| #define PACKAGE_BUGREPORT "http://libburnia-project.org"
| #define PACKAGE_URL ""
| #define PACKAGE "xorriso"
| #define VERSION "1.5.4"
| #define Xorriso_standalonE /**/
| #define STDC_HEADERS 1
| #define HAVE_SYS_TYPES_H 1
| #define HAVE_SYS_STAT_H 1
| #define HAVE_STDLIB_H 1
| #define HAVE_STRING_H 1
| #define HAVE_MEMORY_H 1
| #define HAVE_STRINGS_H 1
| #define HAVE_INTTYPES_H 1
| #define HAVE_STDINT_H 1
| #define HAVE_UNISTD_H 1
| #define HAVE_FSEEKO 1
| /* end confdefs.h.  */
| #include <stdlib.h>
| #include <iconv.h>
| int
| main ()
| {
| iconv_t cd = iconv_open("","");
|      iconv(cd,NULL,NULL,NULL,NULL);
|      iconv_close(cd);
|   ;
|   return 0;
| }
configure:5247: result: no
configure:5252: checking for libiconv in -liconv
configure:5277: gcc -o conftest -g -O2   conftest.c -liconv   >&5
/usr/bin/ld: cannot find -liconv
collect2: error: ld returned 1 exit status
configure:5277: $? = 1
configure: failed program was:
| /* confdefs.h */
| #define PACKAGE_NAME "xorriso"
| #define PACKAGE_TARNAME "xorriso"
| #define PACKAGE_VERSION "1.5.4"
| #define PACKAGE_STRING "xorriso 1.5.4"
| #define PACKAGE_BUGREPORT "http://libburnia-project.org"
| #define PACKAGE_URL ""
| #define PACKAGE "xorriso"
| #define VERSION "1.5.4"
| #define Xorriso_standalonE /**/
| #define STDC_HEADERS 1
| #define HAVE_SYS_TYPES_H 1
| #define HAVE_SYS_STAT_H 1
| #define HAVE_STDLIB_H 1
| #define HAVE_STRING_H 1
| #define HAVE_MEMORY_H 1
| #define HAVE_STRINGS_H 1
| #define HAVE_INTTYPES_H 1
| #define HAVE_STDINT_H 1
| #define HAVE_UNISTD_H 1
| #define HAVE_FSEEKO 1
| /* end confdefs.h.  */
| 
| /* Override any GCC internal prototype to avoid an error.
|    Use char because int might match the return type of a GCC
|    builtin and then its argument prototype would still apply.  */
| #ifdef __cplusplus
| extern "C"
| #endif
| char libiconv ();
| int
| main ()
| {
| return libiconv ();
|   ;
|   return 0;
| }
configure:5286: result: no
configure:5299: checking for const qualifier with iconv() 
configure:5316: gcc -c -g -O2  conftest.c >&5
configure:5316: $? = 0
configure:5336: result: no
configure:5342: checking for iconv() to be accessible now 
configure:5369: gcc -o conftest -g -O2   conftest.c  >&5
configure:5369: $? = 0
configure:5377: result: yes
configure:5537: checking how to print strings
configure:5564: result: printf
configure:5585: checking for a sed that does not truncate output
configure:5649: result: /usr/bin/sed
configure:5667: checking for fgrep
configure:5729: result: /usr/bin/grep -F
configure:5764: checking for ld used by gcc
configure:5831: result: /usr/bin/ld
configure:5838: checking if the linker (/usr/bin/ld) is GNU ld
configure:5853: result: yes
configure:5865: checking for BSD- or MS-compatible name lister (nm)
configure:5914: result: /usr/bin/nm -B
configure:6044: checking the name lister (/usr/bin/nm -B) interface
configure:6051: gcc -c -g -O2  conftest.c >&5
configure:6054: /usr/bin/nm -B "conftest.o"
configure:6057: output
0000000000000000 B some_variable
configure:6064: result: BSD nm
configure:6067: checking whether ln -s works
configure:6071: result: yes
configure:6079: checking the maximum length of command line arguments
configure:6210: result: 1572864
configure:6227: checking whether the shell understands some XSI constructs
configure:6237: result: yes
configure:6241: checking whether the shell understands "+="
configure:6247: result: yes
configure:6282: checking how to convert x86_64-unknown-linux-gnu file names to x86_64-unknown-linux-gnu format
configure:6322: result: func_convert_file_noop
configure:6329: checking how to convert x86_64-unknown-linux-gnu file names to toolchain format
configure:6349: result: func_convert_file_noop
configure:6356: checking for /usr/bin/ld option to reload object files
configure:6363: result: -r
configure:6437: checking for objdump
configure:6453: found /usr/bin/objdump
configure:6464: result: objdump
configure:6496: checking how to recognize dependent libraries
configure:6694: result: pass_all
configure:6779: checking for dlltool
configure:6809: result: no
configure:6839: checking how to associate runtime and link libraries
configure:6866: result: printf %s\n
configure:6926: checking for ar
configure:6942: found /usr/bin/ar
configure:6953: result: ar
configure:6990: checking for archiver @FILE support
configure:7007: gcc -c -g -O2  conftest.c >&5
configure:7007: $? = 0
configure:7010: ar cru libconftest.a @conftest.lst >&5
ar: `u' modifier ignored since `D' is the default (see `U')
configure:7013: $? = 0
configure:7018: ar cru libconftest.a @conftest.lst >&5
ar: `u' modifier ignored since `D' is the default (see `U')
ar: conftest.o: No such file or directory
configure:7021: $? = 1
configure:7033: result: @
configure:7091: checking for strip
configure:7107: found /usr/bin/strip
configure:7118: result: strip
configure:7190: checking for ranlib
configure:7206: found /usr/bin/ranlib
configure:7217: result: ranlib
configure:7319: checking command to parse /usr/bin/nm -B output from gcc object
configure:7439: gcc -c -g -O2  conftest.c >&5
configure:7442: $? = 0
configure:7446: /usr/bin/nm -B conftest.o \| sed -n -e 's/^.*[ ]\([ABCDGIRSTW][ABCDGIRSTW]*\)[ ][ ]*\([_A-Za-z][_A-Za-z0-9]*\)$/\1 \2 \2/p' | sed '/ __gnu_lto/d' \> conftest.nm
configure:7449: $? = 0
configure:7515: gcc -o conftest -g -O2   conftest.c conftstm.o >&5
configure:7518: $? = 0
configure:7556: result: ok
configure:7593: checking for sysroot
configure:7623: result: no
configure:7700: gcc -c -g -O2  conftest.c >&5
configure:7703: $? = 0
configure:7892: checking for mt
configure:7908: found /usr/bin/mt
configure:7919: result: mt
configure:7942: checking if mt is a manifest tool
configure:7948: mt '-?'
configure:7956: result: no
configure:8595: checking for dlfcn.h
configure:8595: gcc -c -g -O2  conftest.c >&5
configure:8595: $? = 0
configure:8595: result: yes
configure:8801: checking for objdir
configure:8816: result: .libs
configure:9083: checking if gcc supports -fno-rtti -fno-exceptions
configure:9101: gcc -c -g -O2  -fno-rtti -fno-exceptions conftest.c >&5
cc1: warning: command-line option '-fno-rtti' is valid for C++/D/ObjC++ but not for C
configure:9105: $? = 0
configure:9118: result: no
configure:9445: checking for gcc option to produce PIC
configure:9452: result: -fPIC -DPIC
configure:9460: checking if gcc PIC flag -fPIC -DPIC works
configure:9478: gcc -c -g -O2  -fPIC -DPIC -DPIC conftest.c >&5
configure:9482: $? = 0
configure:9495: result: yes
configure:9524: checking if gcc static flag -static works
configure:9552: result: yes
configure:9567: checking if gcc supports -c -o file.o
configure:9588: gcc -c -g -O2  -o out/conftest2.o conftest.c >&5
configure:9592: $? = 0
configure:9614: result: yes
configure:9622: checking if gcc supports -c -o file.o
configure:9669: result: yes
configure:9702: checking whether the gcc linker (/usr/bin/ld -m elf_x86_64) supports shared libraries
configure:10859: result: yes
configure:10896: checking whether -lc should be explicitly linked in
configure:10904: gcc -c -g -O2  conftest.c >&5
configure:10907: $? = 0
configure:10922: gcc -shared  -fPIC -DPIC conftest.o  -v -Wl,-soname -Wl,conftest -o conftest 2\>\&1 \| /usr/bin/grep  -lc  \>/dev/null 2\>\&1
configure:10925: $? = 0
configure:10939: result: no
configure:11099: checking dynamic linker characteristics
configure:11599: gcc -o conftest -g -O2   -Wl,-rpath -Wl,/foo conftest.c  >&5
configure:11599: $? = 0
configure:11837: result: GNU/Linux ld.so
configure:11944: checking how to hardcode library paths into programs
configure:11969: result: immediate
configure:12509: checking whether stripping libraries is possible
configure:12514: result: yes
configure:12549: checking if libtool supports shared libraries
configure:12551: result: yes
configure:12554: checking whether to build shared libraries
configure:12575: result: yes
configure:12578: checking whether to build static libraries
configure:12582: result: yes
configure:12626: checking dummy usability
configure:12626: gcc -c -g -O2  conftest.c >&5
conftest.c:59:10: fatal error: dummy: No such file or directory
   59 | #include <dummy>
      |          ^~~~~~~
compilation terminated.
configure:12626: $? = 1
configure: failed program was:
| /* confdefs.h */
| #define PACKAGE_NAME "xorriso"
| #define PACKAGE_TARNAME "xorriso"
| #define PACKAGE_VERSION "1.5.4"
| #define PACKAGE_STRING "xorriso 1.5.4"
| #define PACKAGE_BUGREPORT "http://libburnia-project.org"
| #define PACKAGE_URL ""
| #define PACKAGE "xorriso"
| #define VERSION "1.5.4"
| #define Xorriso_standalonE /**/
| #define STDC_HEADERS 1
| #define HAVE_SYS_TYPES_H 1
| #define HAVE_SYS_STAT_H 1
| #define HAVE_STDLIB_H 1
| #define HAVE_STRING_H 1
| #define HAVE_MEMORY_H 1
| #define HAVE_STRINGS_H 1
| #define HAVE_INTTYPES_H 1
| #define HAVE_STDINT_H 1
| #define HAVE_UNISTD_H 1
| #define HAVE_FSEEKO 1
| #define ICONV_CONST /**/
| #define HAVE_DLFCN_H 1
| #define LT_OBJDIR ".libs/"
| /* end confdefs.h.  */
| #include <stdio.h>
| #ifdef HAVE_SYS_TYPES_H
| # include <sys/types.h>
| #endif
| #ifdef HAVE_SYS_STAT_H
| # include <sys/stat.h>
| #endif
| #ifdef STDC_HEADERS
| # include <stdlib.h>
| # include <stddef.h>
| #else
| # ifdef HAVE_STDLIB_H
| #  include <stdlib.h>
| # endif
| #endif
| #ifdef HAVE_STRING_H
| # if !defined STDC_HEADERS && defined HAVE_MEMORY_H
| #  include <memory.h>
| # endif
| # include <string.h>
| #endif
| #ifdef HAVE_STRINGS_H
| # include <strings.h>
| #endif
| #ifdef HAVE_INTTYPES_H
| # include <inttypes.h>
| #endif
| #ifdef HAVE_STDINT_H
| # include <stdint.h>
| #endif
| #ifdef HAVE_UNISTD_H
| # include <unistd.h>
| #endif
| #include <dummy>
configure:12626: result: no
configure:12626: checking dummy presence
configure:12626: gcc -E  conftest.c
conftest.c:26:10: fatal error: dummy: No such file or directory
   26 | #include <dummy>
      |          ^~~~~~~
compilation terminated.
configure:12626: $? = 1
configure: failed program was:
| /* confdefs.h */
| #define PACKAGE_NAME "xorriso"
| #define PACKAGE_TARNAME "xorriso"
| #define PACKAGE_VERSION "1.5.4"
| #define PACKAGE_STRING "xorriso 1.5.4"
| #define PACKAGE_BUGREPORT "http://libburnia-project.org"
| #define PACKAGE_URL ""
| #define PACKAGE "xorriso"
| #define VERSION "1.5.4"
| #define Xorriso_standalonE /**/
| #define STDC_HEADERS 1
| #define HAVE_SYS_TYPES_H 1
| #define HAVE_SYS_STAT_H 1
| #define HAVE_STDLIB_H 1
| #define HAVE_STRING_H 1
| #define HAVE_MEMORY_H 1
| #define HAVE_STRINGS_H 1
| #define HAVE_INTTYPES_H 1
| #define HAVE_STDINT_H 1
| #define HAVE_UNISTD_H 1
| #define HAVE_FSEEKO 1
| #define ICONV_CONST /**/
| #define HAVE_DLFCN_H 1
| #define LT_OBJDIR ".libs/"
| /* end confdefs.h.  */
| #include <dummy>
configure:12626: result: no
configure:12626: checking for dummy
configure:12626: result: no
configure:12626: checking mt usability
configure:12626: gcc -c -g -O2  conftest.c >&5
conftest.c:59:10: fatal error: mt: No such file or directory
   59 | #include <mt>
      |          ^~~~
compilation terminated.
configure:12626: $? = 1
configure: failed program was:
| /* confdefs.h */
| #define PACKAGE_NAME "xorriso"
| #define PACKAGE_TARNAME "xorriso"
| #define PACKAGE_VERSION "1.5.4"
| #define PACKAGE_STRING "xorriso 1.5.4"
| #define PACKAGE_BUGREPORT "http://libburnia-project.org"
| #define PACKAGE_URL ""
| #define PACKAGE "xorriso"
| #define VERSION "1.5.4"
| #define Xorriso_standalonE /**/
| #define STDC_HEADERS 1
| #define HAVE_SYS_TYPES_H 1
| #define HAVE_SYS_STAT_H 1
| #define HAVE_STDLIB_H 1
| #define HAVE_STRING_H 1
| #define HAVE_MEMORY_H 1
| #define HAVE_STRINGS_H 1
| #define HAVE_INTTYPES_H 1
| #define HAVE_STDINT_H 1
| #define HAVE_UNISTD_H 1
| #define HAVE_FSEEKO 1
| #define ICONV_CONST /**/
| #define HAVE_DLFCN_H 1
| #define LT_OBJDIR ".libs/"
| /* end confdefs.h.  */
| #include <stdio.h>
| #ifdef HAVE_SYS_TYPES_H
| # include <sys/types.h>
| #endif
| #ifdef HAVE_SYS_STAT_H
| # include <sys/stat.h>
| #endif
| #ifdef STDC_HEADERS
| # include <stdlib.h>
| # include <stddef.h>
| #else
| # ifdef HAVE_STDLIB_H
| #  include <stdlib.h>
| # endif
| #endif
| #ifdef HAVE_STRING_H
| # if !defined STDC_HEADERS && defined HAVE_MEMORY_H
| #  include <memory.h>
| # endif
| # include <string.h>
| #endif
| #ifdef HAVE_STRINGS_H
| # include <strings.h>
| #endif
| #ifdef HAVE_INTTYPES_H
| # include <inttypes.h>
| #endif
| #ifdef HAVE_STDINT_H
| # include <stdint.h>
| #endif
| #ifdef HAVE_UNISTD_H
| # include <unistd.h>
| #endif
| #include <mt>
configure:12626: result: no
configure:12626: checking mt presence
configure:12626: gcc -E  conftest.c
conftest.c:26:10: fatal error: mt: No such file or directory
   26 | #include <mt>
      |          ^~~~
compilation terminated.
configure:12626: $? = 1
configure: failed program was:
| /* confdefs.h */
| #define PACKAGE_NAME "xorriso"
| #define PACKAGE_TARNAME "xorriso"
| #define PACKAGE_VERSION "1.5.4"
| #define PACKAGE_STRING "xorriso 1.5.4"
| #define PACKAGE_BUGREPORT "http://libburnia-project.org"
| #define PACKAGE_URL ""
| #define PACKAGE "xorriso"
| #define VERSION "1.5.4"
| #define Xorriso_standalonE /**/
| #define STDC_HEADERS 1
| #define HAVE_SYS_TYPES_H 1
| #define HAVE_SYS_STAT_H 1
| #define HAVE_STDLIB_H 1
| #define HAVE_STRING_H 1
| #define HAVE_MEMORY_H 1
| #define HAVE_STRINGS_H 1
| #define HAVE_INTTYPES_H 1
| #define HAVE_STDINT_H 1
| #define HAVE_UNISTD_H 1
| #define HAVE_FSEEKO 1
| #define ICONV_CONST /**/
| #define HAVE_DLFCN_H 1
| #define LT_OBJDIR ".libs/"
| /* end confdefs.h.  */
| #include <mt>
configure:12626: result: no
configure:12626: checking for mt
configure:12626: result: no
configure:12637: checking for struct tm.tm_gmtoff
configure:12637: gcc -c -g -O2  conftest.c >&5
configure:12637: $? = 0
configure:12637: result: yes
configure:12646: checking whether timegm is declared
configure:12646: gcc -c -g -O2  conftest.c >&5
configure:12646: $? = 0
configure:12646: result: yes
configure:12669: gcc -o conftest -g -O2   conftest.c  >&5
configure:12669: $? = 0
configure:12688: checking whether eaccess is declared
configure:12688: gcc -c -g -O2  conftest.c >&5
conftest.c: In function 'main':
conftest.c:38:10: error: 'eaccess' undeclared (first use in this function); did you mean 'access'?
   38 |   (void) eaccess;
      |          ^~~~~~~
      |          access
conftest.c:38:10: note: each undeclared identifier is reported only once for each function it appears in
configure:12688: $? = 1
configure: failed program was:
| /* confdefs.h */
| #define PACKAGE_NAME "xorriso"
| #define PACKAGE_TARNAME "xorriso"
| #define PACKAGE_VERSION "1.5.4"
| #define PACKAGE_STRING "xorriso 1.5.4"
| #define PACKAGE_BUGREPORT "http://libburnia-project.org"
| #define PACKAGE_URL ""
| #define PACKAGE "xorriso"
| #define VERSION "1.5.4"
| #define Xorriso_standalonE /**/
| #define STDC_HEADERS 1
| #define HAVE_SYS_TYPES_H 1
| #define HAVE_SYS_STAT_H 1
| #define HAVE_STDLIB_H 1
| #define HAVE_STRING_H 1
| #define HAVE_MEMORY_H 1
| #define HAVE_STRINGS_H 1
| #define HAVE_INTTYPES_H 1
| #define HAVE_STDINT_H 1
| #define HAVE_UNISTD_H 1
| #define HAVE_FSEEKO 1
| #define ICONV_CONST /**/
| #define HAVE_DLFCN_H 1
| #define LT_OBJDIR ".libs/"
| #define HAVE_TM_GMTOFF 1
| #define HAVE_TIMEGM 1
| #define Libburnia_timezonE timezone
| /* end confdefs.h.  */
| #include <unistd.h>
| 
| int
| main ()
| {
| #ifndef eaccess
| #ifdef __cplusplus
|   (void) eaccess;
| #else
|   (void) eaccess;
| #endif
| #endif
| 
|   ;
|   return 0;
| }
configure:12688: result: no
configure:12704: checking target operating system
configure:12742: result: linux
configure:12751: checking sys/statvfs.h usability
configure:12751: gcc -c -g -O2  conftest.c >&5
configure:12751: $? = 0
configure:12751: result: yes
configure:12751: checking sys/statvfs.h presence
configure:12751: gcc -E  conftest.c
configure:12751: $? = 0
configure:12751: result: yes
configure:12751: checking for sys/statvfs.h
configure:12751: result: yes
configure:12759: checking for statvfs
configure:12759: gcc -o conftest -g -O2   conftest.c  >&5
configure:12759: $? = 0
configure:12759: result: yes
configure:12843: checking for overridden pkgconfig directory path
configure:12859: result: no
configure:12886: checking for desired functions in libreadline
configure:12915: gcc -o conftest -DDEBUG -g -pedantic -Wall -Wextra -Wno-unused-parameter -Wno-char-subscripts -Wno-strict-aliasing -g -O2   conftest.c  -lreadline >&5
conftest.c:37:10: fatal error: readline/readline.h: No such file or directory
   37 | #include <readline/readline.h>
      |          ^~~~~~~~~~~~~~~~~~~~~
compilation terminated.
configure:12915: $? = 1
configure: failed program was:
| /* confdefs.h */
| #define PACKAGE_NAME "xorriso"
| #define PACKAGE_TARNAME "xorriso"
| #define PACKAGE_VERSION "1.5.4"
| #define PACKAGE_STRING "xorriso 1.5.4"
| #define PACKAGE_BUGREPORT "http://libburnia-project.org"
| #define PACKAGE_URL ""
| #define PACKAGE "xorriso"
| #define VERSION "1.5.4"
| #define Xorriso_standalonE /**/
| #define STDC_HEADERS 1
| #define HAVE_SYS_TYPES_H 1
| #define HAVE_SYS_STAT_H 1
| #define HAVE_STDLIB_H 1
| #define HAVE_STRING_H 1
| #define HAVE_MEMORY_H 1
| #define HAVE_STRINGS_H 1
| #define HAVE_INTTYPES_H 1
| #define HAVE_STDINT_H 1
| #define HAVE_UNISTD_H 1
| #define HAVE_FSEEKO 1
| #define ICONV_CONST /**/
| #define HAVE_DLFCN_H 1
| #define LT_OBJDIR ".libs/"
| #define HAVE_TM_GMTOFF 1
| #define HAVE_TIMEGM 1
| #define Libburnia_timezonE timezone
| #define Libburn_os_has_statvfS /**/
| /* end confdefs.h.  */
| 
| #include <ctype.h>
| #include <sys/types.h>
| #include <unistd.h>
| #include <stdlib.h>
| #include <stdio.h>
| #include <string.h>
| #include <readline/readline.h>
| #include <readline/history.h>
| int
| main ()
| {
| HIST_ENTRY **hl;
| readline("");
| add_history("");
| hl= history_list();
| 
|   ;
|   return 0;
| }
configure:12952: gcc -o conftest -DDEBUG -g -pedantic -Wall -Wextra -Wno-unused-parameter -Wno-char-subscripts -Wno-strict-aliasing -g -O2   conftest.c  -lreadline -lcurses >&5
conftest.c:37:10: fatal error: readline/readline.h: No such file or directory
   37 | #include <readline/readline.h>
      |          ^~~~~~~~~~~~~~~~~~~~~
compilation terminated.
configure:12952: $? = 1
configure: failed program was:
| /* confdefs.h */
| #define PACKAGE_NAME "xorriso"
| #define PACKAGE_TARNAME "xorriso"
| #define PACKAGE_VERSION "1.5.4"
| #define PACKAGE_STRING "xorriso 1.5.4"
| #define PACKAGE_BUGREPORT "http://libburnia-project.org"
| #define PACKAGE_URL ""
| #define PACKAGE "xorriso"
| #define VERSION "1.5.4"
| #define Xorriso_standalonE /**/
| #define STDC_HEADERS 1
| #define HAVE_SYS_TYPES_H 1
| #define HAVE_SYS_STAT_H 1
| #define HAVE_STDLIB_H 1
| #define HAVE_STRING_H 1
| #define HAVE_MEMORY_H 1
| #define HAVE_STRINGS_H 1
| #define HAVE_INTTYPES_H 1
| #define HAVE_STDINT_H 1
| #define HAVE_UNISTD_H 1
| #define HAVE_FSEEKO 1
| #define ICONV_CONST /**/
| #define HAVE_DLFCN_H 1
| #define LT_OBJDIR ".libs/"
| #define HAVE_TM_GMTOFF 1
| #define HAVE_TIMEGM 1
| #define Libburnia_timezonE timezone
| #define Libburn_os_has_statvfS /**/
| /* end confdefs.h.  */
| 
| #include <ctype.h>
| #include <sys/types.h>
| #include <unistd.h>
| #include <stdlib.h>
| #include <stdio.h>
| #include <string.h>
| #include <readline/readline.h>
| #include <readline/history.h>
| int
| main ()
| {
| HIST_ENTRY **hl;
| readline("");
| add_history("");
| hl= history_list();
| 
|   ;
|   return 0;
| }
configure:12971: result: no 
configure:13106: checking for desired functions in libedit
configure:13135: gcc -o conftest -DDEBUG -g -pedantic -Wall -Wextra -Wno-unused-parameter -Wno-char-subscripts -Wno-strict-aliasing -g -O2   conftest.c  -ledit >&5
conftest.c:37:10: fatal error: histedit.h: No such file or directory
   37 | #include <histedit.h>
      |          ^~~~~~~~~~~~
compilation terminated.
configure:13135: $? = 1
configure: failed program was:
| /* confdefs.h */
| #define PACKAGE_NAME "xorriso"
| #define PACKAGE_TARNAME "xorriso"
| #define PACKAGE_VERSION "1.5.4"
| #define PACKAGE_STRING "xorriso 1.5.4"
| #define PACKAGE_BUGREPORT "http://libburnia-project.org"
| #define PACKAGE_URL ""
| #define PACKAGE "xorriso"
| #define VERSION "1.5.4"
| #define Xorriso_standalonE /**/
| #define STDC_HEADERS 1
| #define HAVE_SYS_TYPES_H 1
| #define HAVE_SYS_STAT_H 1
| #define HAVE_STDLIB_H 1
| #define HAVE_STRING_H 1
| #define HAVE_MEMORY_H 1
| #define HAVE_STRINGS_H 1
| #define HAVE_INTTYPES_H 1
| #define HAVE_STDINT_H 1
| #define HAVE_UNISTD_H 1
| #define HAVE_FSEEKO 1
| #define ICONV_CONST /**/
| #define HAVE_DLFCN_H 1
| #define LT_OBJDIR ".libs/"
| #define HAVE_TM_GMTOFF 1
| #define HAVE_TIMEGM 1
| #define Libburnia_timezonE timezone
| #define Libburn_os_has_statvfS /**/
| /* end confdefs.h.  */
| 
| #include <ctype.h>
| #include <sys/types.h>
| #include <unistd.h>
| #include <stdlib.h>
| #include <stdio.h>
| #include <string.h>
| #include <histedit.h>
| int
| main ()
| {
| EditLine *editline_handle; History *editline_history; HistEvent ev; int count;
| editline_handle= el_init("dummy", stdin, stdout, stderr);
| el_set(editline_handle, EL_EDITOR, "emacs");
| editline_history= history_init();
| history(editline_history, &ev, H_SETSIZE, 1000);
| el_gets(editline_handle, &count);
| 
|   ;
|   return 0;
| }
configure:13173: gcc -o conftest -DDEBUG -g -pedantic -Wall -Wextra -Wno-unused-parameter -Wno-char-subscripts -Wno-strict-aliasing -g -O2   conftest.c  -ledit >&5
conftest.c:37:10: fatal error: histedit.h: No such file or directory
   37 | #include <histedit.h>
      |          ^~~~~~~~~~~~
compilation terminated.
configure:13173: $? = 1
configure: failed program was:
| /* confdefs.h */
| #define PACKAGE_NAME "xorriso"
| #define PACKAGE_TARNAME "xorriso"
| #define PACKAGE_VERSION "1.5.4"
| #define PACKAGE_STRING "xorriso 1.5.4"
| #define PACKAGE_BUGREPORT "http://libburnia-project.org"
| #define PACKAGE_URL ""
| #define PACKAGE "xorriso"
| #define VERSION "1.5.4"
| #define Xorriso_standalonE /**/
| #define STDC_HEADERS 1
| #define HAVE_SYS_TYPES_H 1
| #define HAVE_SYS_STAT_H 1
| #define HAVE_STDLIB_H 1
| #define HAVE_STRING_H 1
| #define HAVE_MEMORY_H 1
| #define HAVE_STRINGS_H 1
| #define HAVE_INTTYPES_H 1
| #define HAVE_STDINT_H 1
| #define HAVE_UNISTD_H 1
| #define HAVE_FSEEKO 1
| #define ICONV_CONST /**/
| #define HAVE_DLFCN_H 1
| #define LT_OBJDIR ".libs/"
| #define HAVE_TM_GMTOFF 1
| #define HAVE_TIMEGM 1
| #define Libburnia_timezonE timezone
| #define Libburn_os_has_statvfS /**/
| /* end confdefs.h.  */
| 
| #include <ctype.h>
| #include <sys/types.h>
| #include <unistd.h>
| #include <stdlib.h>
| #include <stdio.h>
| #include <string.h>
| #include <histedit.h>
| int
| main ()
| {
| EditLine *editline_handle; History *editline_history; HistEvent ev; int count;
| editline_handle= el_init("dummy", stdin, stdout, stderr);
| el_set(editline_handle, EL_EDITOR, "emacs");
| editline_history= history_init();
| history(editline_history, &ev, H_SETSIZE, 1000);
| el_gets(editline_handle, &count);
| 
|   ;
|   return 0;
| }
configure:13188: result: no 
configure:13223: checking sys/acl.h usability
configure:13223: gcc -c -DDEBUG -g -pedantic -Wall -Wextra -Wno-unused-parameter -Wno-char-subscripts -Wno-strict-aliasing -g -O2  conftest.c >&5
conftest.c:63:10: fatal error: sys/acl.h: No such file or directory
   63 | #include <sys/acl.h>
      |          ^~~~~~~~~~~
compilation terminated.
configure:13223: $? = 1
configure: failed program was:
| /* confdefs.h */
| #define PACKAGE_NAME "xorriso"
| #define PACKAGE_TARNAME "xorriso"
| #define PACKAGE_VERSION "1.5.4"
| #define PACKAGE_STRING "xorriso 1.5.4"
| #define PACKAGE_BUGREPORT "http://libburnia-project.org"
| #define PACKAGE_URL ""
| #define PACKAGE "xorriso"
| #define VERSION "1.5.4"
| #define Xorriso_standalonE /**/
| #define STDC_HEADERS 1
| #define HAVE_SYS_TYPES_H 1
| #define HAVE_SYS_STAT_H 1
| #define HAVE_STDLIB_H 1
| #define HAVE_STRING_H 1
| #define HAVE_MEMORY_H 1
| #define HAVE_STRINGS_H 1
| #define HAVE_INTTYPES_H 1
| #define HAVE_STDINT_H 1
| #define HAVE_UNISTD_H 1
| #define HAVE_FSEEKO 1
| #define ICONV_CONST /**/
| #define HAVE_DLFCN_H 1
| #define LT_OBJDIR ".libs/"
| #define HAVE_TM_GMTOFF 1
| #define HAVE_TIMEGM 1
| #define Libburnia_timezonE timezone
| #define Libburn_os_has_statvfS /**/
| /* end confdefs.h.  */
| #include <stdio.h>
| #ifdef HAVE_SYS_TYPES_H
| # include <sys/types.h>
| #endif
| #ifdef HAVE_SYS_STAT_H
| # include <sys/stat.h>
| #endif
| #ifdef STDC_HEADERS
| # include <stdlib.h>
| # include <stddef.h>
| #else
| # ifdef HAVE_STDLIB_H
| #  include <stdlib.h>
| # endif
| #endif
| #ifdef HAVE_STRING_H
| # if !defined STDC_HEADERS && defined HAVE_MEMORY_H
| #  include <memory.h>
| # endif
| # include <string.h>
| #endif
| #ifdef HAVE_STRINGS_H
| # include <strings.h>
| #endif
| #ifdef HAVE_INTTYPES_H
| # include <inttypes.h>
| #endif
| #ifdef HAVE_STDINT_H
| # include <stdint.h>
| #endif
| #ifdef HAVE_UNISTD_H
| # include <unistd.h>
| #endif
| #include <sys/acl.h>
configure:13223: result: no
configure:13223: checking sys/acl.h presence
configure:13223: gcc -E  conftest.c
conftest.c:30:10: fatal error: sys/acl.h: No such file or directory
   30 | #include <sys/acl.h>
      |          ^~~~~~~~~~~
compilation terminated.
configure:13223: $? = 1
configure: failed program was:
| /* confdefs.h */
| #define PACKAGE_NAME "xorriso"
| #define PACKAGE_TARNAME "xorriso"
| #define PACKAGE_VERSION "1.5.4"
| #define PACKAGE_STRING "xorriso 1.5.4"
| #define PACKAGE_BUGREPORT "http://libburnia-project.org"
| #define PACKAGE_URL ""
| #define PACKAGE "xorriso"
| #define VERSION "1.5.4"
| #define Xorriso_standalonE /**/
| #define STDC_HEADERS 1
| #define HAVE_SYS_TYPES_H 1
| #define HAVE_SYS_STAT_H 1
| #define HAVE_STDLIB_H 1
| #define HAVE_STRING_H 1
| #define HAVE_MEMORY_H 1
| #define HAVE_STRINGS_H 1
| #define HAVE_INTTYPES_H 1
| #define HAVE_STDINT_H 1
| #define HAVE_UNISTD_H 1
| #define HAVE_FSEEKO 1
| #define ICONV_CONST /**/
| #define HAVE_DLFCN_H 1
| #define LT_OBJDIR ".libs/"
| #define HAVE_TM_GMTOFF 1
| #define HAVE_TIMEGM 1
| #define Libburnia_timezonE timezone
| #define Libburn_os_has_statvfS /**/
| /* end confdefs.h.  */
| #include <sys/acl.h>
configure:13223: result: no
configure:13223: checking for sys/acl.h
configure:13223: result: no
configure:13479: checking sys/xattr.h usability
configure:13479: gcc -c -DDEBUG -g -pedantic -Wall -Wextra -Wno-unused-parameter -Wno-char-subscripts -Wno-strict-aliasing -g -O2  conftest.c >&5
configure:13479: $? = 0
configure:13479: result: yes
configure:13479: checking sys/xattr.h presence
configure:13479: gcc -E  conftest.c
configure:13479: $? = 0
configure:13479: result: yes
configure:13479: checking for sys/xattr.h
configure:13479: result: yes
configure:13481: checking for listxattr in -lc
configure:13506: gcc -o conftest -DDEBUG -g -pedantic -Wall -Wextra -Wno-unused-parameter -Wno-char-subscripts -Wno-strict-aliasing -g -O2   conftest.c -lc   >&5
configure:13506: $? = 0
configure:13515: result: yes
configure:13680: checking zlib.h usability
configure:13680: gcc -c -DDEBUG -g -pedantic -Wall -Wextra -Wno-unused-parameter -Wno-char-subscripts -Wno-strict-aliasing -g -O2  conftest.c >&5
conftest.c:65:10: fatal error: zlib.h: No such file or directory
   65 | #include <zlib.h>
      |          ^~~~~~~~
compilation terminated.
configure:13680: $? = 1
configure: failed program was:
| /* confdefs.h */
| #define PACKAGE_NAME "xorriso"
| #define PACKAGE_TARNAME "xorriso"
| #define PACKAGE_VERSION "1.5.4"
| #define PACKAGE_STRING "xorriso 1.5.4"
| #define PACKAGE_BUGREPORT "http://libburnia-project.org"
| #define PACKAGE_URL ""
| #define PACKAGE "xorriso"
| #define VERSION "1.5.4"
| #define Xorriso_standalonE /**/
| #define STDC_HEADERS 1
| #define HAVE_SYS_TYPES_H 1
| #define HAVE_SYS_STAT_H 1
| #define HAVE_STDLIB_H 1
| #define HAVE_STRING_H 1
| #define HAVE_MEMORY_H 1
| #define HAVE_STRINGS_H 1
| #define HAVE_INTTYPES_H 1
| #define HAVE_STDINT_H 1
| #define HAVE_UNISTD_H 1
| #define HAVE_FSEEKO 1
| #define ICONV_CONST /**/
| #define HAVE_DLFCN_H 1
| #define LT_OBJDIR ".libs/"
| #define HAVE_TM_GMTOFF 1
| #define HAVE_TIMEGM 1
| #define Libburnia_timezonE timezone
| #define Libburn_os_has_statvfS /**/
| #define Libisofs_with_sys_xattR /**/
| #define Libisofs_with_aaip_xattR /**/
| /* end confdefs.h.  */
| #include <stdio.h>
| #ifdef HAVE_SYS_TYPES_H
| # include <sys/types.h>
| #endif
| #ifdef HAVE_SYS_STAT_H
| # include <sys/stat.h>
| #endif
| #ifdef STDC_HEADERS
| # include <stdlib.h>
| # include <stddef.h>
| #else
| # ifdef HAVE_STDLIB_H
| #  include <stdlib.h>
| # endif
| #endif
| #ifdef HAVE_STRING_H
| # if !defined STDC_HEADERS && defined HAVE_MEMORY_H
| #  include <memory.h>
| # endif
| # include <string.h>
| #endif
| #ifdef HAVE_STRINGS_H
| # include <strings.h>
| #endif
| #ifdef HAVE_INTTYPES_H
| # include <inttypes.h>
| #endif
| #ifdef HAVE_STDINT_H
| # include <stdint.h>
| #endif
| #ifdef HAVE_UNISTD_H
| # include <unistd.h>
| #endif
| #include <zlib.h>
configure:13680: result: no
configure:13680: checking zlib.h presence
configure:13680: gcc -E  conftest.c
conftest.c:32:10: fatal error: zlib.h: No such file or directory
   32 | #include <zlib.h>
      |          ^~~~~~~~
compilation terminated.
configure:13680: $? = 1
configure: failed program was:
| /* confdefs.h */
| #define PACKAGE_NAME "xorriso"
| #define PACKAGE_TARNAME "xorriso"
| #define PACKAGE_VERSION "1.5.4"
| #define PACKAGE_STRING "xorriso 1.5.4"
| #define PACKAGE_BUGREPORT "http://libburnia-project.org"
| #define PACKAGE_URL ""
| #define PACKAGE "xorriso"
| #define VERSION "1.5.4"
| #define Xorriso_standalonE /**/
| #define STDC_HEADERS 1
| #define HAVE_SYS_TYPES_H 1
| #define HAVE_SYS_STAT_H 1
| #define HAVE_STDLIB_H 1
| #define HAVE_STRING_H 1
| #define HAVE_MEMORY_H 1
| #define HAVE_STRINGS_H 1
| #define HAVE_INTTYPES_H 1
| #define HAVE_STDINT_H 1
| #define HAVE_UNISTD_H 1
| #define HAVE_FSEEKO 1
| #define ICONV_CONST /**/
| #define HAVE_DLFCN_H 1
| #define LT_OBJDIR ".libs/"
| #define HAVE_TM_GMTOFF 1
| #define HAVE_TIMEGM 1
| #define Libburnia_timezonE timezone
| #define Libburn_os_has_statvfS /**/
| #define Libisofs_with_sys_xattR /**/
| #define Libisofs_with_aaip_xattR /**/
| /* end confdefs.h.  */
| #include <zlib.h>
configure:13680: result: no
configure:13680: checking for zlib.h
configure:13680: result: no
configure:13749: checking for missing scsi/scsi.h on Linux
configure:13766: gcc -c -DDEBUG -g -pedantic -Wall -Wextra -Wno-unused-parameter -Wno-char-subscripts -Wno-strict-aliasing -g -O2  conftest.c >&5
configure:13766: $? = 0
configure:13767: result: no
configure:14537: checking that generated files are newer than configure
configure:14543: result: done
configure:14567: creating ./config.status

## ---------------------- ##
## Running config.status. ##
## ---------------------- ##

This file was extended by xorriso config.status 1.5.4, which was
generated by GNU Autoconf 2.69.  Invocation command line was

  CONFIG_FILES    = 
  CONFIG_HEADERS  = 
  CONFIG_LINKS    = 
  CONFIG_COMMANDS = 
  $ ./config.status 

on Kfs

config.status:1115: creating Makefile
config.status:1115: creating version.h
config.status:1115: creating config.h
config.status:1344: executing depfiles commands
config.status:1344: executing libtool commands

## ---------------- ##
## Cache variables. ##
## ---------------- ##

ac_cv_build=x86_64-unknown-linux-gnu
ac_cv_c_bigendian=no
ac_cv_c_compiler_gnu=yes
ac_cv_c_const=yes
ac_cv_c_inline=inline
ac_cv_env_CC_set=
ac_cv_env_CC_value=
ac_cv_env_CFLAGS_set=
ac_cv_env_CFLAGS_value=
ac_cv_env_CPPFLAGS_set=
ac_cv_env_CPPFLAGS_value=
ac_cv_env_CPP_set=
ac_cv_env_CPP_value=
ac_cv_env_LDFLAGS_set=
ac_cv_env_LDFLAGS_value=
ac_cv_env_LIBCDIO_CFLAGS_set=
ac_cv_env_LIBCDIO_CFLAGS_value=
ac_cv_env_LIBCDIO_LIBS_set=
ac_cv_env_LIBCDIO_LIBS_value=
ac_cv_env_LIBS_set=
ac_cv_env_LIBS_value=
ac_cv_env_PKG_CONFIG_LIBDIR_set=
ac_cv_env_PKG_CONFIG_LIBDIR_value=
ac_cv_env_PKG_CONFIG_PATH_set=
ac_cv_env_PKG_CONFIG_PATH_value=
ac_cv_env_PKG_CONFIG_set=
ac_cv_env_PKG_CONFIG_value=
ac_cv_env_build_alias_set=
ac_cv_env_build_alias_value=
ac_cv_env_host_alias_set=
ac_cv_env_host_alias_value=
ac_cv_env_target_alias_set=
ac_cv_env_target_alias_value=
ac_cv_func_fseeko=yes
ac_cv_func_statvfs=yes
ac_cv_have_decl_eaccess=no
ac_cv_have_decl_timegm=yes
ac_cv_header_dlfcn_h=yes
ac_cv_header_dummy=no
ac_cv_header_inttypes_h=yes
ac_cv_header_memory_h=yes
ac_cv_header_mt=no
ac_cv_header_stdc=yes
ac_cv_header_stdint_h=yes
ac_cv_header_stdlib_h=yes
ac_cv_header_string_h=yes
ac_cv_header_strings_h=yes
ac_cv_header_sys_acl_h=no
ac_cv_header_sys_stat_h=yes
ac_cv_header_sys_statvfs_h=yes
ac_cv_header_sys_types_h=yes
ac_cv_header_sys_xattr_h=yes
ac_cv_header_unistd_h=yes
ac_cv_header_zlib_h=no
ac_cv_host=x86_64-unknown-linux-gnu
ac_cv_lib_c_listxattr=yes
ac_cv_lib_iconv_libiconv=no
ac_cv_member_struct_tm_tm_gmtoff=yes
ac_cv_objext=o
ac_cv_path_EGREP='/usr/bin/grep -E'
ac_cv_path_FGREP='/usr/bin/grep -F'
ac_cv_path_GREP=/usr/bin/grep
ac_cv_path_SED=/usr/bin/sed
ac_cv_path_install='/usr/bin/install -c'
ac_cv_path_mkdir=/usr/bin/mkdir
ac_cv_prog_AWK=mawk
ac_cv_prog_CPP='gcc -E'
ac_cv_prog_ac_ct_AR=ar
ac_cv_prog_ac_ct_CC=gcc
ac_cv_prog_ac_ct_MANIFEST_TOOL=mt
ac_cv_prog_ac_ct_OBJDUMP=objdump
ac_cv_prog_ac_ct_RANLIB=ranlib
ac_cv_prog_ac_ct_STRIP=strip
ac_cv_prog_cc_c89=
ac_cv_prog_cc_g=yes
ac_cv_prog_make_make_set=yes
ac_cv_sys_file_offset_bits=no
ac_cv_sys_largefile_CC=no
ac_cv_sys_largefile_source=no
ac_cv_target=x86_64-unknown-linux-gnu
am_cv_CC_dependencies_compiler_type=gcc3
am_cv_make_support_nested_variables=yes
am_cv_prog_cc_c_o=yes
lt_cv_ar_at_file=@
lt_cv_archive_cmds_need_lc=no
lt_cv_deplibs_check_method=pass_all
lt_cv_file_magic_cmd='$MAGIC_CMD'
lt_cv_file_magic_test_file=
lt_cv_ld_reload_flag=-r
lt_cv_nm_interface='BSD nm'
lt_cv_objdir=.libs
lt_cv_path_LD=/usr/bin/ld
lt_cv_path_NM='/usr/bin/nm -B'
lt_cv_path_mainfest_tool=no
lt_cv_prog_compiler_c_o=yes
lt_cv_prog_compiler_pic='-fPIC -DPIC'
lt_cv_prog_compiler_pic_works=yes
lt_cv_prog_compiler_rtti_exceptions=no
lt_cv_prog_compiler_static_works=yes
lt_cv_prog_gnu_ld=yes
lt_cv_sharedlib_from_linklib_cmd='printf %s\n'
lt_cv_shlibpath_overrides_runpath=yes
lt_cv_sys_global_symbol_pipe='sed -n -e '\''s/^.*[	 ]\([ABCDGIRSTW][ABCDGIRSTW]*\)[	 ][	 ]*\([_A-Za-z][_A-Za-z0-9]*\)$/\1 \2 \2/p'\'' | sed '\''/ __gnu_lto/d'\'''
lt_cv_sys_global_symbol_to_c_name_address='sed -n -e '\''s/^: \([^ ]*\)[ ]*$/  {\"\1\", (void *) 0},/p'\'' -e '\''s/^[ABCDGIRSTW]* \([^ ]*\) \([^ ]*\)$/  {"\2", (void *) \&\2},/p'\'''
lt_cv_sys_global_symbol_to_c_name_address_lib_prefix='sed -n -e '\''s/^: \([^ ]*\)[ ]*$/  {\"\1\", (void *) 0},/p'\'' -e '\''s/^[ABCDGIRSTW]* \([^ ]*\) \(lib[^ ]*\)$/  {"\2", (void *) \&\2},/p'\'' -e '\''s/^[ABCDGIRSTW]* \([^ ]*\) \([^ ]*\)$/  {"lib\2", (void *) \&\2},/p'\'''
lt_cv_sys_global_symbol_to_cdecl='sed -n -e '\''s/^T .* \(.*\)$/extern int \1();/p'\'' -e '\''s/^[ABCDGIRSTW]* .* \(.*\)$/extern char \1;/p'\'''
lt_cv_sys_max_cmd_len=1572864
lt_cv_to_host_file_cmd=func_convert_file_noop
lt_cv_to_tool_file_cmd=func_convert_file_noop

## ----------------- ##
## Output variables. ##
## ----------------- ##

ACLOCAL='${SHELL} /home/alice/kfs-1/xorriso-1.5.4/missing aclocal-1.14'
AMDEPBACKSLASH='\'
AMDEP_FALSE='#'
AMDEP_TRUE=''
AMTAR='$${TAR-tar}'
AM_BACKSLASH='\'
AM_DEFAULT_V='$(AM_DEFAULT_VERBOSITY)'
AM_DEFAULT_VERBOSITY='1'
AM_V='$(V)'
AR='ar'
ARCH='linux'
AUTOCONF='${SHELL} /home/alice/kfs-1/xorriso-1.5.4/missing autoconf'
AUTOHEADER='${SHELL} /home/alice/kfs-1/xorriso-1.5.4/missing autoheader'
AUTOMAKE='${SHELL} /home/alice/kfs-1/xorriso-1.5.4/missing automake-1.14'
AWK='mawk'
BURN_MAJOR_VERSION='1'
BURN_MICRO_VERSION='4'
BURN_MINOR_VERSION='5'
CC='gcc'
CCDEPMODE='depmode=gcc3'
CFLAGS='-DDEBUG -g -pedantic -Wall -Wextra -Wno-unused-parameter -Wno-char-subscripts -Wno-strict-aliasing -g -O2'
CPP='gcc -E'
CPPFLAGS=''
CYGPATH_W='echo'
DEFS='-DHAVE_CONFIG_H'
DEPDIR='.deps'
DLLTOOL='false'
DSYMUTIL=''
DUMPBIN=''
ECHO_C=''
ECHO_N='-n'
ECHO_T=''
EGREP='/usr/bin/grep -E'
EXEEXT=''
FGREP='/usr/bin/grep -F'
GREP='/usr/bin/grep'
INSTALL_DATA='${INSTALL} -m 644'
INSTALL_PROGRAM='${INSTALL}'
INSTALL_SCRIPT='${INSTALL}'
INSTALL_STRIP_PROGRAM='$(install_sh) -c -s'
LD='/usr/bin/ld -m elf_x86_64'
LDFLAGS=''
LIBBURNIA_PKGCONFDIR='${exec_prefix}/lib/pkgconfig'
LIBBURN_ARCH_LIBS=''
LIBCDIO_CFLAGS=''
LIBCDIO_LIBS=''
LIBISOFS_MAJOR_VERSION='1'
LIBISOFS_MICRO_VERSION='4'
LIBISOFS_MINOR_VERSION='5'
LIBOBJS=''
LIBS=''
LIBTOOL='$(SHELL) $(top_builddir)/libtool'
LIBTOOL_DEPS='./ltmain.sh'
LIPO=''
LN_S='ln -s'
LTLIBOBJS=''
MAKEINFO='${SHELL} /home/alice/kfs-1/xorriso-1.5.4/missing makeinfo'
MANIFEST_TOOL=':'
MKDIR_P='/usr/bin/mkdir -p'
NM='/usr/bin/nm -B'
NMEDIT=''
OBJDUMP='objdump'
OBJEXT='o'
OTOOL64=''
OTOOL=''
PACKAGE='xorriso'
PACKAGE_BUGREPORT='http://libburnia-project.org'
PACKAGE_NAME='xorriso'
PACKAGE_STRING='xorriso 1.5.4'
PACKAGE_TARNAME='xorriso'
PACKAGE_URL=''
PACKAGE_VERSION='1.5.4'
PATH_SEPARATOR=':'
PKG_CONFIG=''
PKG_CONFIG_LIBDIR=''
PKG_CONFIG_PATH=''
RANLIB='ranlib'
SED='/usr/bin/sed'
SET_MAKE=''
SHELL='/bin/bash'
STRIP='strip'
THREAD_LIBS='-lpthread'
VERSION='1.5.4'
XORRISO_DD_TARGET='xorriso-dd-target/xorriso-dd-target'
XORRISO_DD_TARGET_MAN='xorriso-dd-target/xorriso-dd-target.1'
XORRISO_DD_TARGET_TEXI='xorriso-dd-target/xorriso-dd-target.texi'
ac_ct_AR='ar'
ac_ct_CC='gcc'
ac_ct_DUMPBIN=''
am__EXEEXT_FALSE=''
am__EXEEXT_TRUE='#'
am__fastdepCC_FALSE='#'
am__fastdepCC_TRUE=''
am__include='include'
am__isrc=''
am__leading_dot='.'
am__nodep='_no'
am__quote=''
am__tar='$${TAR-tar} chof - "$$tardir"'
am__untar='$${TAR-tar} xf -'
bindir='${exec_prefix}/bin'
build='x86_64-unknown-linux-gnu'
build_alias=''
build_cpu='x86_64'
build_os='linux-gnu'
build_vendor='unknown'
datadir='${datarootdir}'
datarootdir='${prefix}/share'
docdir='${datarootdir}/doc/${PACKAGE_TARNAME}'
dvidir='${docdir}'
exec_prefix='${prefix}'
host='x86_64-unknown-linux-gnu'
host_alias=''
host_cpu='x86_64'
host_os='linux-gnu'
host_vendor='unknown'
htmldir='${docdir}'
includedir='${prefix}/include'
infodir='${datarootdir}/info'
install_sh='${SHELL} /home/alice/kfs-1/xorriso-1.5.4/install-sh'
libdir='${exec_prefix}/lib'
libexecdir='${exec_prefix}/libexec'
localedir='${datarootdir}/locale'
localstatedir='${prefix}/var'
mandir='${datarootdir}/man'
mkdir_p='$(MKDIR_P)'
oldincludedir='/usr/include'
pdfdir='${docdir}'
prefix='/usr/local'
program_transform_name='s,x,x,'
psdir='${docdir}'
sbindir='${exec_prefix}/sbin'
sharedstatedir='${prefix}/com'
sysconfdir='${prefix}/etc'
target='x86_64-unknown-linux-gnu'
target_alias=''
target_cpu='x86_64'
target_os='linux-gnu'
target_vendor='unknown'

## ----------- ##
## confdefs.h. ##
## ----------- ##

/* confdefs.h */
#define PACKAGE_NAME "xorriso"
#define PACKAGE_TARNAME "xorriso"
#define PACKAGE_VERSION "1.5.4"
#define PACKAGE_STRING "xorriso 1.5.4"
#define PACKAGE_BUGREPORT "http://libburnia-project.org"
#define PACKAGE_URL ""
#define PACKAGE "xorriso"
#define VERSION "1.5.4"
#define Xorriso_standalonE /**/
#define STDC_HEADERS 1
#define HAVE_SYS_TYPES_H 1
#define HAVE_SYS_STAT_H 1
#define HAVE_STDLIB_H 1
#define HAVE_STRING_H 1
#define HAVE_MEMORY_H 1
#define HAVE_STRINGS_H 1
#define HAVE_INTTYPES_H 1
#define HAVE_STDINT_H 1
#define HAVE_UNISTD_H 1
#define HAVE_FSEEKO 1
#define ICONV_CONST /**/
#define HAVE_DLFCN_H 1
#define LT_OBJDIR ".libs/"
#define HAVE_TM_GMTOFF 1
#define HAVE_TIMEGM 1
#define Libburnia_timezonE timezone
#define Libburn_os_has_statvfS /**/
#define Libisofs_with_sys_xattR /**/
#define Libisofs_with_aaip_xattR /**/
#define Xorriso_allow_external_filterS /**/
#define Xorriso_allow_launch_frontenD /**/

configure: exit 0
